\BOOKMARK [1][-]{section.1}{Introduction}{}% 1
\BOOKMARK [1][-]{section.2}{When local economic conditions affect incumbent support}{}% 2
\BOOKMARK [1][-]{section.3}{Empirical setting: Local housing markets in Denmark}{}% 3
\BOOKMARK [1][-]{section.4}{Research design and data}{}% 4
\BOOKMARK [2][-]{subsection.4.1}{Precinct-level data and measures}{section.4}% 5
\BOOKMARK [2][-]{subsection.4.2}{Individual-level data and measures}{section.4}% 6
\BOOKMARK [1][-]{section.5}{Precinct-level evidence}{}% 7
\BOOKMARK [2][-]{subsection.5.1}{Auxiliary analyses and robustness checks}{section.5}% 8
\BOOKMARK [1][-]{section.6}{Individual-level evidence}{}% 9
\BOOKMARK [2][-]{subsection.6.1}{Auxiliary analyses and robustness checks}{section.6}% 10
\BOOKMARK [1][-]{section.7}{Discussion and conclusion}{}% 11
\BOOKMARK [2][-]{subsection.Alph0.1}{Linking Polling Places to Zip Codes}{section.7}% 12
\BOOKMARK [2][-]{subsection.Alph0.2}{Estimates of Local Housing Prices}{section.7}% 13
\BOOKMARK [2][-]{subsection.Alph0.3}{Descriptive Statistics}{section.7}% 14
\BOOKMARK [2][-]{subsection.Alph0.4}{Identification Strategy}{section.7}% 15
\BOOKMARK [2][-]{subsection.Alph0.5}{Party Specific Analysis in Precinct-level Data}{section.7}% 16
\BOOKMARK [2][-]{subsection.Alph0.6}{Full Models from Robustness Checks of Precinct-level Evidence}{section.7}% 17
\BOOKMARK [2][-]{subsection.Alph0.7}{Full Models from Robustness Checks of Individual-level Evidence}{section.7}% 18
\BOOKMARK [2][-]{subsection.Alph0.8}{The Interaction with Logged Number of Trades}{section.7}% 19
\BOOKMARK [2][-]{subsection.Alph0.9}{Some Additional Interactions in the Precinct-Level Data}{section.7}% 20
\BOOKMARK [2][-]{subsection.Alph0.10}{Precint-Level Results Without Estimated Precints}{section.7}% 21
